<?xml version="1.0" encoding="utf-8"?><testsuites name="pytest tests"><testsuite name="pytest" errors="0" failures="0" skipped="0" tests="11" time="2.230" timestamp="2026-03-16T17:01:43.764073+00:00" hostname="agent-env-526d43eb-66bb-44ee-affe-d226503e6639"><testcase classname="backend.tests.test_analytics_dashboard.TestAnalyticsDashboardEndpoint" name="test_dashboard_requires_authentication" time="0.212" /><testcase classname="backend.tests.test_analytics_dashboard.TestAnalyticsDashboardEndpoint" name="test_dashboard_sitewide_scope_response_structure" time="0.663" /><testcase classname="backend.tests.test_analytics_dashboard.TestAnalyticsDashboardEndpoint" name="test_dashboard_sitewide_scope_has_listings" time="0.093" /><testcase classname="backend.tests.test_analytics_dashboard.TestAnalyticsDashboardEndpoint" name="test_dashboard_account_scope_response" time="0.094" /><testcase classname="backend.tests.test_analytics_dashboard.TestAnalyticsDashboardEndpoint" name="test_dashboard_listing_id_filter" time="0.181" /><testcase classname="backend.tests.test_analytics_dashboard.TestAnalyticsDashboardEndpoint" name="test_dashboard_overview_counts_numeric" time="0.082" /><testcase classname="backend.tests.test_analytics_dashboard.TestAnalyticsDashboardEndpoint" name="test_dashboard_views_counts_numeric" time="0.102" /><testcase classname="backend.tests.test_analytics_dashboard.TestAnalyticsDashboardEndpoint" name="test_dashboard_chart_data_structure" time="0.084" /><testcase classname="backend.tests.test_analytics_dashboard.TestAnalyticsDashboardEndpoint" name="test_dashboard_top_lists_structure" time="0.089" /><testcase classname="backend.tests.test_analytics_dashboard.TestAnalyticsDashboardEndpoint" name="test_dashboard_scope_affects_data" time="0.181" /><testcase classname="backend.tests.test_analytics_dashboard.TestAnalyticsDashboardOldEndpoint" name="test_legacy_dashboard_requires_auth" time="0.317" /></testsuite></testsuites>