<?xml version="1.0" encoding="utf-8"?><testsuites name="pytest tests"><testsuite name="pytest" errors="0" failures="0" skipped="0" tests="16" time="4.915" timestamp="2026-03-16T16:06:03.289474+00:00" hostname="agent-env-526d43eb-66bb-44ee-affe-d226503e6639"><testcase classname="backend.tests.test_homepage_admin.TestHomepageEndpoints" name="test_featured_churches_endpoint" time="0.337" /><testcase classname="backend.tests.test_homepage_admin.TestHomepageEndpoints" name="test_open_churches_endpoint" time="0.148" /><testcase classname="backend.tests.test_homepage_admin.TestHomepageEndpoints" name="test_featured_pastors_endpoint" time="0.185" /><testcase classname="backend.tests.test_homepage_admin.TestHomepageEndpoints" name="test_new_pastors_endpoint" time="0.146" /><testcase classname="backend.tests.test_homepage_admin.TestHomepageEndpoints" name="test_homepage_endpoints_with_limit" time="0.154" /><testcase classname="backend.tests.test_homepage_admin.TestAdminAuthentication" name="test_login_returns_access_token" time="0.352" /><testcase classname="backend.tests.test_homepage_admin.TestAdminFilters" name="test_admin_users_role_all_returns_all_users" time="0.504" /><testcase classname="backend.tests.test_homepage_admin.TestAdminFilters" name="test_admin_users_no_filter_vs_role_all" time="0.279" /><testcase classname="backend.tests.test_homepage_admin.TestAdminFilters" name="test_admin_churches_status_all_returns_all_churches" time="0.155" /><testcase classname="backend.tests.test_homepage_admin.TestAdminFilters" name="test_admin_churches_denomination_all_returns_all" time="0.128" /><testcase classname="backend.tests.test_homepage_admin.TestBulkDeleteChurches" name="test_bulk_delete_endpoint_exists" time="0.507" /><testcase classname="backend.tests.test_homepage_admin.TestBulkDeleteChurches" name="test_bulk_delete_invalid_action" time="0.141" /><testcase classname="backend.tests.test_homepage_admin.TestBulkDeleteChurches" name="test_bulk_feature_churches" time="0.159" /><testcase classname="backend.tests.test_homepage_admin.TestFeatureButton" name="test_feature_church_endpoint" time="0.657" /><testcase classname="backend.tests.test_homepage_admin.TestFeatureButton" name="test_featured_church_appears_in_homepage" time="0.405" /><testcase classname="backend.tests.test_homepage_admin.TestUserNameDisplay" name="test_admin_users_returns_name_fields" time="0.534" /></testsuite></testsuites>