<?xml version="1.0" encoding="utf-8"?><testsuites name="pytest tests"><testsuite name="pytest" errors="0" failures="1" skipped="0" tests="13" time="3.520" timestamp="2026-02-16T11:06:59.351900+00:00" hostname="agent-env-ce385765-e38d-4428-af5d-09d1ebdabaff"><testcase classname="tests.test_upload_api.TestAuthEndpoint" name="test_login_success" time="0.554" /><testcase classname="tests.test_upload_api.TestSingleFileUpload" name="test_upload_image_success" time="0.515" /><testcase classname="tests.test_upload_api.TestSingleFileUpload" name="test_upload_with_different_categories" time="0.948" /><testcase classname="tests.test_upload_api.TestSingleFileUpload" name="test_upload_without_auth_fails" time="0.102" /><testcase classname="tests.test_upload_api.TestSingleFileUpload" name="test_upload_invalid_file_type" time="0.140" /><testcase classname="tests.test_upload_api.TestMultipleFileUpload" name="test_upload_multiple_images" time="0.109" /><testcase classname="tests.test_upload_api.TestMultipleFileUpload" name="test_upload_multiple_without_auth_fails" time="0.117" /><testcase classname="tests.test_upload_api.TestFileDelete" name="test_delete_uploaded_file" time="0.237" /><testcase classname="tests.test_upload_api.TestFileDelete" name="test_delete_nonexistent_file" time="0.112" /><testcase classname="tests.test_upload_api.TestFileDelete" name="test_delete_invalid_path" time="0.111" /><testcase classname="tests.test_upload_api.TestFileDelete" name="test_delete_without_auth_fails" time="0.101" /><testcase classname="tests.test_upload_api.TestStaticFileServing" name="test_uploaded_file_accessible" time="0.215"><failure message="AssertionError: assert False&#10; +  where False = &lt;built-in method startswith of str object at 0xfcc6021c89e0&gt;('image/')&#10; +    where &lt;built-in method startswith of str object at 0xfcc6021c89e0&gt; = 'text/html; charset=utf-8'.startswith&#10; +      where 'text/html; charset=utf-8' = get('content-type', '')&#10; +        where get = {'Date': 'Mon, 16 Feb 2026 11:07:02 GMT', 'Content-Type': 'text/html; charset=utf-8', 'Transfer-Encoding': 'chunked', 'Connection': 'keep-alive', 'Content-Encoding': 'gzip', 'CF-Ray': '9cec943dc8e01144-ORD', 'CF-Cache-Status': 'DYNAMIC', 'Access-Control-Allow-Origin': '*', 'Cache-Control': 'no-store, no-cache, must-revalidate', 'Vary': 'Accept-Encoding', 'Via': '1.1 google', 'Access-Control-Max-Age': '300', 'access-control-allow-headers': '*', 'access-control-allow-methods': 'GET, POST, PUT, DELETE, OPTIONS, HEAD, PATCH', 'x-powered-by': 'Express', 'Set-Cookie': '__cf_bm=.YycHP5KRYaFknPjx5R3XNNWdvUJnYvRe5bKDMQciR0-1771240022-1.0.1.1-nTk_Dum.Gy9fEYU6UPwu.rgNEJCzfF4lfoXjLY6iFyiHSYAGclA5VIHURDg25EhW31ZqgTyU4p7CGpDp5dnDBQayutKd47Fed.fr0AretF0; path=/; expires=Mon, 16-Feb-26 11:37:02 GMT; domain=.preview.emergentagent.com; HttpOnly; Secure; SameSite=None', 'Server': 'cloudflare'}.get&#10; +          where {'Date': 'Mon, 16 Feb 2026 11:07:02 GMT', 'Content-Type': 'text/html; charset=utf-8', 'Transfer-Encoding': 'chunked', 'Connection': 'keep-alive', 'Content-Encoding': 'gzip', 'CF-Ray': '9cec943dc8e01144-ORD', 'CF-Cache-Status': 'DYNAMIC', 'Access-Control-Allow-Origin': '*', 'Cache-Control': 'no-store, no-cache, must-revalidate', 'Vary': 'Accept-Encoding', 'Via': '1.1 google', 'Access-Control-Max-Age': '300', 'access-control-allow-headers': '*', 'access-control-allow-methods': 'GET, POST, PUT, DELETE, OPTIONS, HEAD, PATCH', 'x-powered-by': 'Express', 'Set-Cookie': '__cf_bm=.YycHP5KRYaFknPjx5R3XNNWdvUJnYvRe5bKDMQciR0-1771240022-1.0.1.1-nTk_Dum.Gy9fEYU6UPwu.rgNEJCzfF4lfoXjLY6iFyiHSYAGclA5VIHURDg25EhW31ZqgTyU4p7CGpDp5dnDBQayutKd47Fed.fr0AretF0; path=/; expires=Mon, 16-Feb-26 11:37:02 GMT; domain=.preview.emergentagent.com; HttpOnly; Secure; SameSite=None', 'Server': 'cloudflare'} = &lt;Response [200]&gt;.headers">tests/test_upload_api.py:285: in test_uploaded_file_accessible
    assert static_response.headers.get("content-type", "").startswith("image/")
E   AssertionError: assert False
E    +  where False = &lt;built-in method startswith of str object at 0xfcc6021c89e0&gt;('image/')
E    +    where &lt;built-in method startswith of str object at 0xfcc6021c89e0&gt; = 'text/html; charset=utf-8'.startswith
E    +      where 'text/html; charset=utf-8' = get('content-type', '')
E    +        where get = {'Date': 'Mon, 16 Feb 2026 11:07:02 GMT', 'Content-Type': 'text/html; charset=utf-8', 'Transfer-Encoding': 'chunked', 'Connection': 'keep-alive', 'Content-Encoding': 'gzip', 'CF-Ray': '9cec943dc8e01144-ORD', 'CF-Cache-Status': 'DYNAMIC', 'Access-Control-Allow-Origin': '*', 'Cache-Control': 'no-store, no-cache, must-revalidate', 'Vary': 'Accept-Encoding', 'Via': '1.1 google', 'Access-Control-Max-Age': '300', 'access-control-allow-headers': '*', 'access-control-allow-methods': 'GET, POST, PUT, DELETE, OPTIONS, HEAD, PATCH', 'x-powered-by': 'Express', 'Set-Cookie': '__cf_bm=.YycHP5KRYaFknPjx5R3XNNWdvUJnYvRe5bKDMQciR0-1771240022-1.0.1.1-nTk_Dum.Gy9fEYU6UPwu.rgNEJCzfF4lfoXjLY6iFyiHSYAGclA5VIHURDg25EhW31ZqgTyU4p7CGpDp5dnDBQayutKd47Fed.fr0AretF0; path=/; expires=Mon, 16-Feb-26 11:37:02 GMT; domain=.preview.emergentagent.com; HttpOnly; Secure; SameSite=None', 'Server': 'cloudflare'}.get
E    +          where {'Date': 'Mon, 16 Feb 2026 11:07:02 GMT', 'Content-Type': 'text/html; charset=utf-8', 'Transfer-Encoding': 'chunked', 'Connection': 'keep-alive', 'Content-Encoding': 'gzip', 'CF-Ray': '9cec943dc8e01144-ORD', 'CF-Cache-Status': 'DYNAMIC', 'Access-Control-Allow-Origin': '*', 'Cache-Control': 'no-store, no-cache, must-revalidate', 'Vary': 'Accept-Encoding', 'Via': '1.1 google', 'Access-Control-Max-Age': '300', 'access-control-allow-headers': '*', 'access-control-allow-methods': 'GET, POST, PUT, DELETE, OPTIONS, HEAD, PATCH', 'x-powered-by': 'Express', 'Set-Cookie': '__cf_bm=.YycHP5KRYaFknPjx5R3XNNWdvUJnYvRe5bKDMQciR0-1771240022-1.0.1.1-nTk_Dum.Gy9fEYU6UPwu.rgNEJCzfF4lfoXjLY6iFyiHSYAGclA5VIHURDg25EhW31ZqgTyU4p7CGpDp5dnDBQayutKd47Fed.fr0AretF0; path=/; expires=Mon, 16-Feb-26 11:37:02 GMT; domain=.preview.emergentagent.com; HttpOnly; Secure; SameSite=None', 'Server': 'cloudflare'} = &lt;Response [200]&gt;.headers</failure></testcase><testcase classname="tests.test_upload_api.TestDocumentUpload" name="test_upload_pdf_document" time="0.112" /></testsuite></testsuites>