<?xml version="1.0" encoding="utf-8"?><testsuites name="pytest tests"><testsuite name="pytest" errors="0" failures="0" skipped="0" tests="13" time="2.828" timestamp="2026-03-16T16:37:21.734540+00:00" hostname="agent-env-526d43eb-66bb-44ee-affe-d226503e6639"><testcase classname="backend.tests.test_pastor_creation_flow.TestPastorCreationFlow" name="test_01_create_pastor_step1_basic_info" time="0.548" /><testcase classname="backend.tests.test_pastor_creation_flow.TestPastorCreationFlow" name="test_02_update_pastor_step2_profile_media" time="0.141" /><testcase classname="backend.tests.test_pastor_creation_flow.TestPastorCreationFlow" name="test_03_get_pastor_verify_step2_data" time="0.171" /><testcase classname="backend.tests.test_pastor_creation_flow.TestPastorCreationFlow" name="test_04_publish_pastor_step3" time="0.133" /><testcase classname="backend.tests.test_pastor_creation_flow.TestPastorCreationFlow" name="test_05_verify_pastor_in_public_list" time="0.632" /><testcase classname="backend.tests.test_pastor_creation_flow.TestPastorCreationFlow" name="test_06_verify_pastor_in_admin_list" time="0.136" /><testcase classname="backend.tests.test_pastor_creation_flow.TestPastorCreationFlow" name="test_07_cleanup_delete_test_pastor" time="0.155" /><testcase classname="backend.tests.test_pastor_creation_flow.TestPastorCreationValidation" name="test_create_pastor_missing_required_fields" time="0.136" /><testcase classname="backend.tests.test_pastor_creation_flow.TestPastorCreationValidation" name="test_create_pastor_without_auth" time="0.144" /><testcase classname="backend.tests.test_pastor_creation_flow.TestPastorCreationValidation" name="test_update_nonexistent_pastor" time="0.138" /><testcase classname="backend.tests.test_pastor_creation_flow.TestSaveDraftFunctionality" name="test_01_create_draft_pastor" time="0.145" /><testcase classname="backend.tests.test_pastor_creation_flow.TestSaveDraftFunctionality" name="test_02_save_draft_updates_data" time="0.127" /><testcase classname="backend.tests.test_pastor_creation_flow.TestSaveDraftFunctionality" name="test_03_cleanup_delete_draft_pastor" time="0.172" /></testsuite></testsuites>